<?xml version="1.0" encoding="UTF-8"?>
<testsuite name="test_login"
           tests="7"
           failures="0"
           errors="0"
           skipped="0"
           time="439.141">
  <properties />
  
  
            <testcase name="login" time="85.367" classname="buss.LoginBuss" />
                <testcase name="login" time="68.601" classname="buss.LoginBuss" />
                <testcase name="login" time="61.967" classname="buss.LoginBuss" />
                <testcase name="login" time="54.936" classname="buss.LoginBuss" />
                <testcase name="login" time="45.758" classname="buss.LoginBuss" />
                <testcase name="login" time="64.954" classname="buss.LoginBuss" />
                <testcase name="login" time="57.558" classname="buss.LoginBuss" />
      
</testsuite>
