<?xml version="1.0" encoding="UTF-8"?>
<testsuite name="test_search"
           tests="4"
           failures="0"
           errors="0"
           skipped="0"
           time="170.728">
  <properties />
  
  
            <testcase name="search" time="48.298" classname="buss.SearchBuss" />
                <testcase name="search" time="42.652" classname="buss.SearchBuss" />
                <testcase name="search" time="34.780" classname="buss.SearchBuss" />
                <testcase name="search" time="44.998" classname="buss.SearchBuss" />
      
</testsuite>
